<?xml version="1.0" encoding="UTF-8"?>
<testsuite xmlns:xsi="http://www.w3.org/2001/XMLSchema-instance" xsi:noNamespaceSchemaLocation="https://maven.apache.org/surefire/maven-surefire-plugin/xsd/surefire-test-report-3.0.xsd" version="3.0" name="com.bot.RatingUtilsTest" time="0.094" tests="15" errors="0" skipped="0" failures="0">
  <properties>
[...]
</properties>
  <testcase name="testExtremeMeasurements" classname="com.bot.RatingUtilsTest" time="0.029"/>
  <testcase name="testDifferentGenders" classname="com.bot.RatingUtilsTest" time="0.012"/>
  <testcase name="testEditMoggaesh" classname="com.bot.RatingUtilsTest" time="0.001"/>
  <testcase name="testEditNeutral" classname="com.bot.RatingUtilsTest" time="0.001"/>
  <testcase name="testWhitePill" classname="com.bot.RatingUtilsTest" time="0.001"/>
  <testcase name="testPremiumMessage" classname="com.bot.RatingUtilsTest" time="0.006"/>
  <testcase name="testCompareToCelebrityFemale" classname="com.bot.RatingUtilsTest" time="0.003"/>
  <testcase name="testFreeMessage" classname="com.bot.RatingUtilsTest" time="0.001"/>
  <testcase name="testCompareToCelebrityMale" classname="com.bot.RatingUtilsTest" time="0.001"/>
  <testcase name="testEditMoggat" classname="com.bot.RatingUtilsTest" time="0"/>
  <testcase name="testNoExceptions" classname="com.bot.RatingUtilsTest" time="0.004"/>
  <testcase name="testEvaluateFace" classname="com.bot.RatingUtilsTest" time="0.001"/>
  <testcase name="testPerfectMaleMeasurements" classname="com.bot.RatingUtilsTest" time="0.001"/>
  <testcase name="testMessageNotNull" classname="com.bot.RatingUtilsTest" time="0.002"/>
  <testcase name="testPerfectFemaleMeasurements" classname="com.bot.RatingUtilsTest" time="0.001"/>
</testsuite>